TN:
SF:src/config/database.ts
FNF:0
FNH:0
DA:1,2
DA:2,2
DA:3,2
DA:4,2
DA:5,2
DA:7,2
DA:9,2
DA:19,2
LF:8
LH:8
BRDA:10,0,0,2
BRDA:10,0,1,2
BRDA:11,1,0,2
BRDA:11,1,1,2
BRDA:12,2,0,2
BRDA:12,2,1,2
BRDA:13,3,0,2
BRDA:13,3,1,2
BRF:8
BRH:8
end_of_record
TN:
SF:src/models/Affiliation.ts
FN:15,(anonymous_2)
FNF:1
FNH:1
FNDA:4,(anonymous_2)
DA:1,2
DA:2,2
DA:7,2
DA:13,2
DA:15,4
DA:20,2
LF:6
LH:6
BRF:0
BRH:0
end_of_record
TN:
SF:src/models/Location.ts
FN:15,(anonymous_2)
FNF:1
FNH:1
FNDA:4,(anonymous_2)
DA:1,2
DA:2,2
DA:7,2
DA:13,2
DA:15,4
DA:20,2
LF:6
LH:6
BRF:0
BRH:0
end_of_record
TN:
SF:src/models/Person.ts
FN:33,(anonymous_2)
FN:40,(anonymous_3)
FNF:2
FNH:2
FNDA:8,(anonymous_2)
FNDA:8,(anonymous_3)
DA:1,2
DA:2,2
DA:3,2
DA:8,2
DA:13,2
DA:19,2
DA:25,2
DA:31,2
DA:33,8
DA:38,2
DA:40,8
DA:45,2
LF:12
LH:12
BRF:0
BRH:0
end_of_record
TN:
SF:src/routes/api.ts
FN:14,(anonymous_8)
FN:14,(anonymous_9)
FN:29,(anonymous_10)
FN:29,(anonymous_11)
FN:80,(anonymous_12)
FN:80,(anonymous_13)
FN:112,(anonymous_14)
FN:113,(anonymous_15)
FN:114,(anonymous_16)
FNF:9
FNH:4
FNDA:1,(anonymous_8)
FNDA:1,(anonymous_9)
FNDA:1,(anonymous_10)
FNDA:1,(anonymous_11)
FNDA:0,(anonymous_12)
FNDA:0,(anonymous_13)
FNDA:0,(anonymous_14)
FNDA:0,(anonymous_15)
FNDA:0,(anonymous_16)
DA:1,1
DA:2,1
DA:3,1
DA:4,1
DA:5,1
DA:6,1
DA:7,1
DA:10,1
DA:11,1
DA:14,1
DA:15,1
DA:16,1
DA:17,0
DA:18,0
DA:20,1
DA:21,1
DA:23,0
DA:24,0
DA:29,1
DA:30,1
DA:31,1
DA:32,1
DA:33,1
DA:34,1
DA:35,1
DA:36,1
DA:38,1
DA:47,1
DA:67,1
DA:74,0
DA:75,0
DA:80,1
DA:81,0
DA:82,0
DA:83,0
DA:86,0
DA:87,0
DA:88,0
DA:89,0
DA:91,0
DA:94,0
DA:111,0
DA:112,0
DA:113,0
DA:114,0
DA:115,0
DA:121,0
DA:128,0
DA:129,0
DA:133,1
LF:50
LH:27
BRDA:16,0,0,0
BRDA:31,1,0,1
BRDA:31,1,1,1
BRDA:35,2,0,1
BRDA:35,2,1,1
BRDA:36,3,0,1
BRDA:36,3,1,1
BRDA:38,4,0,0
BRDA:38,4,1,1
BRDA:82,5,0,0
BRDA:82,5,1,0
BRDA:83,6,0,0
BRDA:83,6,1,0
BRDA:86,7,0,0
BRDA:86,7,1,0
BRDA:88,8,0,0
BRDA:88,8,1,0
BRDA:111,9,0,0
BRDA:111,10,0,0
BRDA:111,10,1,0
BRDA:115,11,0,0
BRDA:115,11,1,0
BRF:22
BRH:7
end_of_record
TN:
SF:src/services/csvImporter.ts
FN:16,(anonymous_7)
FN:17,(anonymous_8)
FN:29,(anonymous_9)
FN:29,(anonymous_10)
FN:30,(anonymous_11)
FN:36,(anonymous_12)
FN:38,(anonymous_13)
FN:59,(anonymous_14)
FN:63,(anonymous_15)
FN:71,(anonymous_16)
FN:75,(anonymous_17)
FN:90,(anonymous_18)
FN:91,(anonymous_19)
FNF:13
FNH:13
FNDA:2,(anonymous_7)
FNDA:4,(anonymous_8)
FNDA:2,(anonymous_9)
FNDA:2,(anonymous_10)
FNDA:2,(anonymous_11)
FNDA:2,(anonymous_12)
FNDA:2,(anonymous_13)
FNDA:2,(anonymous_14)
FNDA:2,(anonymous_15)
FNDA:2,(anonymous_16)
FNDA:2,(anonymous_17)
FNDA:2,(anonymous_18)
FNDA:2,(anonymous_19)
DA:1,2
DA:2,2
DA:3,2
DA:4,2
DA:5,2
DA:6,2
DA:16,2
DA:17,4
DA:19,2
DA:20,0
DA:23,2
DA:29,2
DA:30,2
DA:31,2
DA:32,2
DA:36,2
DA:38,2
DA:41,2
DA:42,2
DA:44,2
DA:45,0
DA:46,0
DA:50,2
DA:51,2
DA:52,0
DA:53,0
DA:57,2
DA:59,2
DA:62,2
DA:64,2
DA:69,2
DA:71,2
DA:74,2
DA:76,2
DA:81,2
DA:88,2
DA:90,2
DA:91,2
DA:93,0
LF:39
LH:33
BRDA:19,0,0,0
BRDA:44,1,0,0
BRDA:51,2,0,0
BRDA:51,3,0,2
BRDA:51,3,1,2
BRF:5
BRH:2
end_of_record
TN:
SF:src/utils/sanitizer.ts
FN:3,(anonymous_0)
FN:11,(anonymous_1)
FN:12,(anonymous_2)
FN:23,(anonymous_3)
FNF:4
FNH:1
FNDA:12,(anonymous_0)
FNDA:0,(anonymous_1)
FNDA:0,(anonymous_2)
FNDA:0,(anonymous_3)
DA:1,2
DA:3,2
DA:4,12
DA:5,12
DA:8,12
DA:11,2
DA:12,0
DA:13,0
DA:14,0
DA:16,0
DA:17,0
DA:19,0
DA:23,2
DA:24,0
DA:25,0
DA:26,0
DA:27,0
DA:28,0
DA:29,0
DA:30,0
DA:31,0
DA:33,0
DA:36,0
LF:23
LH:7
BRDA:4,0,0,0
BRDA:13,1,0,0
BRDA:16,2,0,0
BRDA:16,3,0,0
BRDA:16,3,1,0
BRDA:26,4,0,0
BRDA:26,4,1,0
BRDA:28,5,0,0
BRDA:28,5,1,0
BRDA:30,6,0,0
BRDA:30,6,1,0
BRDA:30,7,0,0
BRDA:30,7,1,0
BRF:13
BRH:0
end_of_record
TN:
SF:src/utils/stringUtils.ts
FN:1,(anonymous_0)
FN:5,(anonymous_1)
FNF:2
FNH:2
FNDA:8,(anonymous_0)
FNDA:10,(anonymous_1)
DA:1,2
DA:2,8
DA:5,10
LF:3
LH:3
BRF:0
BRH:0
end_of_record
